0 info it worked if it ends with ok
1 verbose cli [ 'C:\\Program Files\\nodejs\\node.exe',
1 verbose cli   'C:\\Program Files\\nodejs\\node_modules\\npm\\bin\\npm-cli.js',
1 verbose cli   'uninstall',
1 verbose cli   'GridManager' ]
2 info using npm@3.8.9
3 info using node@v6.2.0
4 silly loadCurrentTree Starting
5 silly install loadCurrentTree
6 silly install readLocalPackageData
7 silly rollbackFailedOptional Starting
8 silly rollbackFailedOptional Finishing
9 silly runTopLevelLifecycles Starting
10 silly runTopLevelLifecycles Finishing
11 silly install printInstalled
12 verbose stack Error: EPERM: operation not permitted, realpath 'F:\bank_test\node_modules\GridManager'
12 verbose stack     at Error (native)
13 verbose cwd F:\bank_test
14 error Windows_NT 6.1.7601
15 error argv "C:\\Program Files\\nodejs\\node.exe" "C:\\Program Files\\nodejs\\node_modules\\npm\\bin\\npm-cli.js" "uninstall" "GridManager"
16 error node v6.2.0
17 error npm  v3.8.9
18 error path F:\bank_test\node_modules\GridManager
19 error code EPERM
20 error errno -4048
21 error syscall realpath
22 error Error: EPERM: operation not permitted, realpath 'F:\bank_test\node_modules\GridManager'
22 error     at Error (native)
22 error  { Error: EPERM: operation not permitted, realpath 'F:\bank_test\node_modules\GridManager'
22 error     at Error (native)
22 error   errno: -4048,
22 error   code: 'EPERM',
22 error   syscall: 'realpath',
22 error   path: 'F:\\bank_test\\node_modules\\GridManager' }
23 error Please try running this command again as root/Administrator.
24 verbose exit [ -4048, true ]
